GROUP,PACKAGE,CLASS,INSTRUCTION_MISSED,INSTRUCTION_COVERED,BRANCH_MISSED,BRANCH_COVERED,LINE_MISSED,LINE_COVERED,COMPLEXITY_MISSED,COMPLEXITY_COVERED,METHOD_MISSED,METHOD_COVERED
Core Module,fr.ducloyer.lotrtcg.core.utils,FightResult.Actions,0,24,0,0,0,2,0,1,0,1
Core Module,fr.ducloyer.lotrtcg.core.utils,EndGameException,3,0,0,0,1,0,1,0,1,0
Core Module,fr.ducloyer.lotrtcg.core.utils,FightResolver,3,26,0,4,1,3,1,3,1,1
Core Module,fr.ducloyer.lotrtcg.core.model,Name,0,67,0,0,0,9,0,2,0,2
Core Module,fr.ducloyer.lotrtcg.core.model,CardLoader,8,57,0,0,3,11,1,3,1,3
Core Module,fr.ducloyer.lotrtcg.core.model,Personage,4,27,1,1,1,9,2,4,1,4
Core Module,fr.ducloyer.lotrtcg.core.model,Card.Side,0,24,0,0,0,2,0,1,0,1
Core Module,fr.ducloyer.lotrtcg.core.model,CardLoader.new TypeToken() {...},0,3,0,0,0,1,0,1,0,1
